-------------------------------------------------------------------------------
Test set: no.nav.folketrygdloven.beregningsgrunnlag.perioder.gradering.IdentifiserPeriodeDerBruttoBgPåHøyerePrioriterteAndelerErMinst6GTest
-------------------------------------------------------------------------------
Tests run: 3, Failures: 0, Errors: 0, Skipped: 0, Time elapsed: 0.006 s -- in no.nav.folketrygdloven.beregningsgrunnlag.perioder.gradering.IdentifiserPeriodeDerBruttoBgPåHøyerePrioriterteAndelerErMinst6GTest
