<?xml version="1.0" encoding="UTF-8"?>
<testsuite xmlns:xsi="http://www.w3.org/2001/XMLSchema-instance" xsi:noNamespaceSchemaLocation="https://maven.apache.org/surefire/maven-surefire-plugin/xsd/surefire-test-report-3.0.xsd" version="3.0" name="no.nav.folketrygdloven.beregningsgrunnlag.fordel.OmfordelFraArbeidTest" time="0.011" tests="7" errors="0" skipped="0" failures="0">
  <properties>
[...]
</properties>
  <testcase name="skal_flytte_deler_av_beregningsgrunnlag_fra_et_annet_arbeidsforhold" classname="no.nav.folketrygdloven.beregningsgrunnlag.fordel.OmfordelFraArbeidTest" time="0.001"/>
  <testcase name="skal_kun_flytte_beregningsgrunnlag_fra_arbeidsforhold_som_har_lavere_refusjon_enn_beregningsgrunnlag" classname="no.nav.folketrygdloven.beregningsgrunnlag.fordel.OmfordelFraArbeidTest" time="0.001"/>
  <testcase name="skal_omfordele_inntekt_før_naturalytelse" classname="no.nav.folketrygdloven.beregningsgrunnlag.fordel.OmfordelFraArbeidTest" time="0.003"/>
  <testcase name="skal_flytte_beregningsgrunnlag_fra_et_annet_arbeidsforhold" classname="no.nav.folketrygdloven.beregningsgrunnlag.fordel.OmfordelFraArbeidTest" time="0.001"/>
  <testcase name="skal_flytte_beregningsgrunnlag_fra_et_annet_arbeidsforhold_med_ulik_utbetalingsgrad" classname="no.nav.folketrygdloven.beregningsgrunnlag.fordel.OmfordelFraArbeidTest" time="0.0"/>
  <testcase name="skal_flytte_beregningsgrunnlag_fra_to_arbeidsforhold" classname="no.nav.folketrygdloven.beregningsgrunnlag.fordel.OmfordelFraArbeidTest" time="0.001"/>
  <testcase name="skal_omfordele_både_inntekt_og_naturalytelse" classname="no.nav.folketrygdloven.beregningsgrunnlag.fordel.OmfordelFraArbeidTest" time="0.001"/>
</testsuite>