<?xml version="1.0" encoding="UTF-8"?>
<testsuite xmlns:xsi="http://www.w3.org/2001/XMLSchema-instance" xsi:noNamespaceSchemaLocation="https://maven.apache.org/surefire/maven-surefire-plugin/xsd/surefire-test-report-3.0.xsd" version="3.0" name="no.nav.folketrygdloven.kalkulator.guitjenester.inntektsgrunnlag.InntektsgrunnlagMapperTest" time="0.022" tests="5" errors="0" skipped="0" failures="0">
  <properties>
[...]
</properties>
  <testcase name="skal_teste_at_inntekter_uten_arbeidsgiver_mappes_til_ytelse" classname="no.nav.folketrygdloven.kalkulator.guitjenester.inntektsgrunnlag.InntektsgrunnlagMapperTest" time="0.01"/>
  <testcase name="skal_teste_at_frilans_merkes_korrekt" classname="no.nav.folketrygdloven.kalkulator.guitjenester.inntektsgrunnlag.InntektsgrunnlagMapperTest" time="0.001"/>
  <testcase name="skal_teste_at_pgidata_mappes_med_sammenligningsgrunnlagdata" classname="no.nav.folketrygdloven.kalkulator.guitjenester.inntektsgrunnlag.InntektsgrunnlagMapperTest" time="0.007"/>
  <testcase name="skal_teste_at_pgidata_mappes_alene" classname="no.nav.folketrygdloven.kalkulator.guitjenester.inntektsgrunnlag.InntektsgrunnlagMapperTest" time="0.001"/>
  <testcase name="skal_teste_at_korrekte_inntekter_mappes" classname="no.nav.folketrygdloven.kalkulator.guitjenester.inntektsgrunnlag.InntektsgrunnlagMapperTest" time="0.001"/>
</testsuite>